{"level":"info","message":"Application started successfully on port 3000","timestamp":"2026-06-06T17:50:07.542Z"}
{"level":"info","message":"Application started successfully on port 3000","timestamp":"2026-06-06T17:50:42.833Z"}
{"level":"info","message":"Application started successfully on port 3000","timestamp":"2026-06-06T17:52:03.003Z"}
{"level":"warn","message":"Authentication Failure: Failed login attempt for user: rahatjabeen@gmail.com","timestamp":"2026-06-06T17:59:20.217Z"}
{"level":"warn","message":"Authentication Failure: Failed login attempt for user: rahatjabeen@gmail.com","timestamp":"2026-06-06T17:59:42.541Z"}
{"level":"info","message":"Success Log: New user registered successfully: rahat","timestamp":"2026-06-06T18:01:59.065Z"}
{"level":"warn","message":"Registration Conflict: Username already exists: rahat","timestamp":"2026-06-06T18:05:39.286Z"}
{"level":"warn","message":"Registration Conflict: Username already exists: rahat","timestamp":"2026-06-06T18:06:32.679Z"}
{"level":"info","message":"Success Log: New user registered successfully: rahatJabeen","timestamp":"2026-06-06T18:06:56.240Z"}
{"level":"warn","message":"Authentication Failure: Failed login attempt for user: rahat@gmail.com","timestamp":"2026-06-06T18:09:40.372Z"}
{"level":"warn","message":"Authentication Failure: Failed login attempt for user: rahat123@gmail.com","timestamp":"2026-06-06T18:09:55.744Z"}
{"level":"info","message":"Success Log: New user registered successfully: rahat","timestamp":"2026-06-06T18:15:06.158Z"}
{"level":"warn","message":"Authentication Failure: Failed login attempt for user: rahat@gmail.com","timestamp":"2026-06-06T18:15:36.447Z"}
{"level":"warn","message":"Authentication Failure: Failed login attempt for user: rahat@gmail.com","timestamp":"2026-06-06T18:16:37.877Z"}
{"level":"warn","message":"Authentication Failure: Failed login attempt for user: rahat@gmail.com","timestamp":"2026-06-06T18:16:44.058Z"}
{"level":"warn","message":"Authentication Failure: Failed login attempt for user: rahat@gmail.com","timestamp":"2026-06-06T18:19:21.893Z"}
{"level":"info","message":"Application started successfully on port 3000","timestamp":"2026-06-06T18:25:37.559Z"}
{"level":"info","message":"Application started successfully on port 3000","timestamp":"2026-06-06T18:25:40.209Z"}
{"level":"warn","message":"Authentication Failure: Failed login attempt for user: rahat@gmail.com","timestamp":"2026-06-06T18:25:50.989Z"}
{"level":"warn","message":"Authentication Failure: Failed login attempt for user: rahat@gmail.com","timestamp":"2026-06-06T18:26:03.263Z"}
{"level":"warn","message":"Authentication Failure: Failed login attempt for user: rahat@gmail.com","timestamp":"2026-06-06T18:26:39.286Z"}
{"level":"info","message":"Application started successfully on port 3000","timestamp":"2026-06-06T18:27:40.085Z"}
{"level":"info","message":"Success Log: New user registered successfully: rahatJabeen","timestamp":"2026-06-06T18:33:27.959Z"}
{"level":"info","message":"Authentication Success: User logged in: rahatJabeen","timestamp":"2026-06-06T18:34:24.611Z"}
{"level":"info","message":"Application started successfully on port 3000","timestamp":"2026-06-06T18:45:55.869Z"}
{"level":"info","message":"Application started successfully on port 3000","timestamp":"2026-06-06T18:48:06.868Z"}
{"level":"info","message":"Application started successfully on port 3000","timestamp":"2026-06-06T18:58:15.458Z"}
{"level":"info","message":"Success Log: New user registered successfully: rahat","timestamp":"2026-06-06T19:06:19.127Z"}
